#
# A fatal error has been detected by the Java Runtime Environment:
#
#  EXCEPTION_ACCESS_VIOLATION (0xc0000005) at pc=0x000000006feb7aa3, pid=3208, tid=4124
#
# JRE version: 7.0-b147
# Java VM: Java HotSpot(TM) 64-Bit Server VM (21.0-b17 mixed mode windows-amd64 compressed oops)
# Problematic frame:
# V  [jvm.dll+0x1c7aa3]
#
# Failed to write core dump. Minidumps are not enabled by default on client versions of Windows
#
# If you would like to submit a bug report, please visit:
#   http://bugreport.sun.com/bugreport/crash.jsp
#

---------------  T H R E A D  ---------------

Current thread (0x0000000007a5e800):  JavaThread "AWT-EventQueue-0" [_thread_in_vm, id=4124, stack(0x0000000009a90000,0x0000000009b90000)]

siginfo: ExceptionCode=0xc0000005, reading address 0x00000013f5602c48

Registers:
RAX=0x00000013f5602c48, RBX=0x00000013f5602c48, RCX=0x0000000000000000, RDX=0x00000000f5f3a1b8
RSP=0x0000000009b8e1d0, RBP=0x0000000007a5e800, RSI=0x00000000f5f3a1b8, RDI=0x0000000007a80c88
R8 =0x00000013f5602c48, R9 =0x0000000000000000, R10=0x0000000002978a35, R11=0x000000006feaa160
R12=0x0000000000000000, R13=0x0000007fffffff00, R14=0x0000000009b8e320, R15=0x0000000007a5e800
RIP=0x000000006feb7aa3, EFLAGS=0x0000000000010206

Top of Stack: (sp=0x0000000009b8e1d0)
0x0000000009b8e1d0:   0000000000000000 00000013f5602c48
0x0000000009b8e1e0:   0000000007a5e800 0000000000000000
0x0000000009b8e1f0:   0000000000000000 0000000000000000
0x0000000009b8e200:   0000000009b8e320 0000007fffffff00
0x0000000009b8e210:   0000000000000000 000000006feb8aa8
0x0000000009b8e220:   00000013f5602c48 0000000007a5e800
0x0000000009b8e230:   00000000f5f3a1b8 0000000009b8e320
0x0000000009b8e240:   00000000dae1fe78 0000000009b8e320
0x0000000009b8e250:   0000000000000000 000000006fe134d5
0x0000000009b8e260:   0000000000000000 0000000007a5e800
0x0000000009b8e270:   0000000009b8e300 0000000000000010
0x0000000009b8e280:   0000000002966254 0000000002978a62
0x0000000009b8e290:   00000000dae1fe78 0000000009b8e300
0x0000000009b8e2a0:   00000000db5c6758 00000000db1f7560
0x0000000009b8e2b0:   0000000009b8e2f0 0000000009b8e2b8
0x0000000009b8e2c0:   0000000009b8e2c0 0000000000000000 

Instructions: (pc=0x000000006feb7aa3)
0x000000006feb7a83:   05 d4 dd 45 00 33 c9 89 47 60 ff 15 dd aa 46 00
0x000000006feb7a93:   48 3b c3 0f 85 3f 01 00 00 48 8b c3 48 83 e0 fd
0x000000006feb7aa3:   48 8b 00 48 89 07 48 89 5f 18 4c 89 67 20 4c 89
0x000000006feb7ab3:   67 70 48 89 77 08 48 8b 06 48 85 c0 74 24 4c 8d 


Register to memory mapping:

RAX=0x00000013f5602c48 is an unknown value
RBX=0x00000013f5602c48 is an unknown value
RCX=0x0000000000000000 is an unknown value
RDX=0x00000000f5f3a1b8 is an oop
view.Search 
 - klass: 'view/Search'
RSP=0x0000000009b8e1d0 is pointing into the stack for thread: 0x0000000007a5e800
RBP=0x0000000007a5e800 is a thread
RSI=0x00000000f5f3a1b8 is an oop
view.Search 
 - klass: 'view/Search'
RDI=0x0000000007a80c88 is an unknown value
R8 =0x00000013f5602c48 is an unknown value
R9 =0x0000000000000000 is an unknown value
R10=0x0000000002978a35 is an Interpreter codelet
method entry point (kind = native)  [0x0000000002978540, 0x0000000002979400]  3776 bytes
R11=0x000000006feaa160 is an unknown value
R12=0x0000000000000000 is an unknown value
R13=0x0000007fffffff00 is an unknown value
R14=0x0000000009b8e320 is pointing into the stack for thread: 0x0000000007a5e800
R15=0x0000000007a5e800 is a thread


Stack: [0x0000000009a90000,0x0000000009b90000],  sp=0x0000000009b8e1d0,  free space=1016k
Native frames: (J=compiled Java code, j=interpreted, Vv=VM code, C=native code)
V  [jvm.dll+0x1c7aa3]

Java frames: (J=compiled Java code, j=interpreted, Vv=VM code)
j  java.lang.System.identityHashCode(Ljava/lang/Object;)I+0
j  java.util.IdentityHashMap.hash(Ljava/lang/Object;I)I+1
j  java.util.IdentityHashMap.get(Ljava/lang/Object;)Ljava/lang/Object;+17
j  javax.swing.RepaintManager.collectDirtyComponents(Ljava/util/Map;Ljava/awt/Component;Ljava/util/List;)V+214
j  javax.swing.RepaintManager.paintDirtyRegions(Ljava/util/Map;)V+69
j  javax.swing.RepaintManager.paintDirtyRegions()V+46
j  javax.swing.RepaintManager.prePaintDirtyRegions()V+73
j  javax.swing.RepaintManager.access$700(Ljavax/swing/RepaintManager;)V+1
j  javax.swing.RepaintManager$ProcessingRunnable.run()V+37
j  java.awt.event.InvocationEvent.dispatch()V+47
j  java.awt.EventQueue.dispatchEventImpl(Ljava/awt/AWTEvent;Ljava/lang/Object;)V+21
j  java.awt.EventQueue.access$000(Ljava/awt/EventQueue;Ljava/awt/AWTEvent;Ljava/lang/Object;)V+3
j  java.awt.EventQueue$3.run()Ljava/lang/Void;+12
j  java.awt.EventQueue$3.run()Ljava/lang/Object;+1
v  ~StubRoutines::call_stub
j  java.security.AccessController.doPrivileged(Ljava/security/PrivilegedAction;Ljava/security/AccessControlContext;)Ljava/lang/Object;+0
j  java.security.ProtectionDomain$1.doIntersectionPrivilege(Ljava/security/PrivilegedAction;Ljava/security/AccessControlContext;Ljava/security/AccessControlContext;)Ljava/lang/Object;+28
j  java.awt.EventQueue.dispatchEvent(Ljava/awt/AWTEvent;)V+46
j  java.awt.EventDispatchThread.pumpOneEventForFilters(I)Z+245
j  java.awt.EventDispatchThread.pumpEventsForFilter(ILjava/awt/Conditional;Ljava/awt/EventFilter;)V+35
j  java.awt.EventDispatchThread.pumpEventsForHierarchy(ILjava/awt/Conditional;Ljava/awt/Component;)V+11
j  java.awt.EventDispatchThread.pumpEvents(ILjava/awt/Conditional;)V+4
j  java.awt.EventDispatchThread.pumpEvents(Ljava/awt/Conditional;)V+3
j  java.awt.EventDispatchThread.run()V+9
v  ~StubRoutines::call_stub

---------------  P R O C E S S  ---------------

Java Threads: ( => current thread )
  0x000000000017b800 JavaThread "DestroyJavaVM" [_thread_blocked, id=4512, stack(0x0000000002860000,0x0000000002960000)]
  0x0000000007bc1800 JavaThread "TimerQueue" daemon [_thread_blocked, id=4192, stack(0x0000000010120000,0x0000000010220000)]
  0x0000000007b23800 JavaThread "D3D Screen Updater" daemon [_thread_blocked, id=1332, stack(0x000000000fd20000,0x000000000fe20000)]
=>0x0000000007a5e800 JavaThread "AWT-EventQueue-0" [_thread_in_vm, id=4124, stack(0x0000000009a90000,0x0000000009b90000)]
  0x00000000079c7000 JavaThread "AWT-Windows" daemon [_thread_in_native, id=2420, stack(0x0000000008020000,0x0000000008120000)]
  0x00000000079c3800 JavaThread "AWT-Shutdown" [_thread_blocked, id=4256, stack(0x0000000007e60000,0x0000000007f60000)]
  0x00000000079c2800 JavaThread "Java2D Disposer" daemon [_thread_blocked, id=3120, stack(0x0000000007080000,0x0000000007180000)]
  0x0000000005fa0000 JavaThread "Service Thread" daemon [_thread_blocked, id=3216, stack(0x0000000007690000,0x0000000007790000)]
  0x0000000005f96800 JavaThread "C2 CompilerThread1" daemon [_thread_blocked, id=4644, stack(0x00000000074d0000,0x00000000075d0000)]
  0x0000000005f93000 JavaThread "C2 CompilerThread0" daemon [_thread_blocked, id=4668, stack(0x0000000007360000,0x0000000007460000)]
  0x0000000005f80800 JavaThread "JDWP Command Reader" daemon [_thread_in_native, id=3212, stack(0x0000000007230000,0x0000000007330000)]
  0x0000000005f7d800 JavaThread "JDWP Event Helper Thread" daemon [_thread_blocked, id=4576, stack(0x0000000006f50000,0x0000000007050000)]
  0x0000000005f73000 JavaThread "JDWP Transport Listener: dt_socket" daemon [_thread_blocked, id=3552, stack(0x0000000006d90000,0x0000000006e90000)]
  0x0000000005f64800 JavaThread "Attach Listener" daemon [_thread_blocked, id=2648, stack(0x0000000006ab0000,0x0000000006bb0000)]
  0x0000000005f63000 JavaThread "Signal Dispatcher" daemon [_thread_blocked, id=4012, stack(0x0000000006950000,0x0000000006a50000)]
  0x0000000005eb6800 JavaThread "Finalizer" daemon [_thread_blocked, id=2880, stack(0x0000000006770000,0x0000000006870000)]
  0x0000000005eb2000 JavaThread "Reference Handler" daemon [_thread_blocked, id=4712, stack(0x0000000006510000,0x0000000006610000)]

Other Threads:
  0x0000000005ea6000 VMThread [stack: 0x00000000063e0000,0x00000000064e0000] [id=3988]
  0x0000000005fa9000 WatcherThread [stack: 0x0000000007840000,0x0000000007940000] [id=1684]

VM state:not at safepoint (normal execution)

VM Mutex/Monitor currently owned by a thread: None

Heap
 PSYoungGen      total 9536K, used 2407K [0x00000000f5560000, 0x00000000f6000000, 0x0000000100000000)
  eden space 8192K, 13% used [0x00000000f5560000,0x00000000f566f548,0x00000000f5d60000)
  from space 1344K, 98% used [0x00000000f5eb0000,0x00000000f5ffa788,0x00000000f6000000)
  to   space 1344K, 0% used [0x00000000f5d60000,0x00000000f5d60000,0x00000000f5eb0000)
 PSOldGen        total 21824K, used 2456K [0x00000000e0000000, 0x00000000e1550000, 0x00000000f5560000)
  object space 21824K, 11% used [0x00000000e0000000,0x00000000e0266040,0x00000000e1550000)
 PSPermGen       total 21248K, used 12528K [0x00000000dae00000, 0x00000000dc2c0000, 0x00000000e0000000)
  object space 21248K, 58% used [0x00000000dae00000,0x00000000dba3c148,0x00000000dc2c0000)

Code Cache  [0x0000000002960000, 0x0000000002bd0000, 0x0000000005960000)
 total_blobs=578 nmethods=127 adapters=410 free_code_cache=48257Kb largest_free_block=49389120

Dynamic libraries:
0x000000013ff10000 - 0x000000013ff43000 	C:\Java\jdk1.7.0\bin\javaw.exe
0x0000000077080000 - 0x0000000077229000 	C:\Windows\SYSTEM32\ntdll.dll
0x0000000076d50000 - 0x0000000076e6f000 	C:\Windows\system32\kernel32.dll
0x000007fefd740000 - 0x000007fefd7ac000 	C:\Windows\system32\KERNELBASE.dll
0x000007fefd9d0000 - 0x000007fefdaab000 	C:\Windows\system32\ADVAPI32.dll
0x000007fefdcf0000 - 0x000007fefdd8f000 	C:\Windows\system32\msvcrt.dll
0x000007fefefa0000 - 0x000007fefefbf000 	C:\Windows\SYSTEM32\sechost.dll
0x000007fefdbc0000 - 0x000007fefdced000 	C:\Windows\system32\RPCRT4.dll
0x0000000076c50000 - 0x0000000076d4a000 	C:\Windows\system32\USER32.dll
0x000007fefeb20000 - 0x000007fefeb87000 	C:\Windows\system32\GDI32.dll
0x000007fefdb10000 - 0x000007fefdb1e000 	C:\Windows\system32\LPK.dll
0x000007feff0b0000 - 0x000007feff179000 	C:\Windows\system32\USP10.dll
0x000007fefbcd0000 - 0x000007fefbec4000 	C:\Windows\WinSxS\amd64_microsoft.windows.common-controls_6595b64144ccf1df_6.0.7601.17514_none_fa396087175ac9ac\COMCTL32.dll
0x000007fefd950000 - 0x000007fefd9c1000 	C:\Windows\system32\SHLWAPI.dll
0x000007feff200000 - 0x000007feff22e000 	C:\Windows\system32\IMM32.DLL
0x000007feff230000 - 0x000007feff339000 	C:\Windows\system32\MSCTF.dll
0x0000000074020000 - 0x00000000740f1000 	C:\Java\jdk1.7.0\jre\bin\msvcr100.dll
0x000000006fcf0000 - 0x00000000703be000 	C:\Java\jdk1.7.0\jre\bin\server\jvm.dll
0x000007fef93f0000 - 0x000007fef93f9000 	C:\Windows\system32\WSOCK32.dll
0x000007feff340000 - 0x000007feff38d000 	C:\Windows\system32\WS2_32.dll
0x000007fefefc0000 - 0x000007fefefc8000 	C:\Windows\system32\NSI.dll
0x000007fefb300000 - 0x000007fefb33b000 	C:\Windows\system32\WINMM.dll
0x0000000077250000 - 0x0000000077257000 	C:\Windows\system32\PSAPI.DLL
0x0000000073940000 - 0x000000007394f000 	C:\Java\jdk1.7.0\jre\bin\verify.dll
0x0000000073110000 - 0x0000000073138000 	C:\Java\jdk1.7.0\jre\bin\java.dll
0x00000000741a0000 - 0x00000000741d5000 	C:\Java\jdk1.7.0\jre\bin\jdwp.dll
0x0000000074190000 - 0x0000000074198000 	C:\Java\jdk1.7.0\jre\bin\npt.dll
0x0000000073090000 - 0x00000000730a5000 	C:\Java\jdk1.7.0\jre\bin\zip.dll
0x0000000074180000 - 0x0000000074189000 	C:\Java\jdk1.7.0\jre\bin\dt_socket.dll
0x000007fefbb30000 - 0x000007fefbb45000 	C:\Windows\system32\NLAapi.dll
0x000007fef8000000 - 0x000007fef8015000 	C:\Windows\system32\napinsp.dll
0x000007fef7fe0000 - 0x000007fef7ff9000 	C:\Windows\system32\pnrpnsp.dll
0x000007fefcd50000 - 0x000007fefcda5000 	C:\Windows\System32\mswsock.dll
0x000007fefcbd0000 - 0x000007fefcc2b000 	C:\Windows\system32\DNSAPI.dll
0x000007fef7fd0000 - 0x000007fef7fdb000 	C:\Windows\System32\winrnr.dll
0x000007fefb280000 - 0x000007fefb2a7000 	C:\Windows\system32\IPHLPAPI.DLL
0x000007fefb260000 - 0x000007fefb26b000 	C:\Windows\system32\WINNSI.DLL
0x000007fefae30000 - 0x000007fefae83000 	C:\Windows\System32\fwpuclnt.dll
0x000007fef8e90000 - 0x000007fef8e98000 	C:\Windows\system32\rasadhlp.dll
0x000007fefc710000 - 0x000007fefc717000 	C:\Windows\System32\wshtcpip.dll
0x00000000709a0000 - 0x0000000070b33000 	C:\Java\jdk1.7.0\jre\bin\awt.dll
0x000007fefefd0000 - 0x000007feff0a7000 	C:\Windows\system32\OLEAUT32.dll
0x000007fefebb0000 - 0x000007fefedb3000 	C:\Windows\system32\ole32.dll
0x000007fefb3d0000 - 0x000007fefb3e8000 	C:\Windows\system32\DWMAPI.DLL
0x000007fefb7b0000 - 0x000007fefb806000 	C:\Windows\system32\uxtheme.dll
0x000007fefd3b0000 - 0x000007fefd407000 	C:\Windows\system32\apphelp.dll
0x000007fef7010000 - 0x000007fef7500000 	C:\Windows\system32\GOOGLEPINYIN2.IME
0x000007fefd590000 - 0x000007fefd6f7000 	C:\Windows\system32\CRYPT32.dll
0x000007fefd580000 - 0x000007fefd58f000 	C:\Windows\system32\MSASN1.dll
0x000007fefdd90000 - 0x000007fefeb18000 	C:\Windows\system32\SHELL32.dll
0x000007fefc640000 - 0x000007fefc64c000 	C:\Windows\system32\VERSION.dll
0x000007fefd700000 - 0x000007fefd73a000 	C:\Windows\system32\WINTRUST.dll
0x000007fefa050000 - 0x000007fefa057000 	C:\Windows\system32\MSIMG32.dll
0x000007fefb590000 - 0x000007fefb7a5000 	C:\Windows\WinSxS\amd64_microsoft.windows.gdiplus_6595b64144ccf1df_1.1.7601.17514_none_2b24536c71ed437a\gdiplus.dll
0x000007fef6ee0000 - 0x000007fef7005000 	C:\Windows\system32\dbghelp.dll
0x000007fefc830000 - 0x000007fefc84e000 	C:\Windows\system32\USERENV.dll
0x000007fefd4e0000 - 0x000007fefd4ef000 	C:\Windows\system32\profapi.dll
0x0000000076af0000 - 0x0000000076c4a000 	C:\Windows\system32\WININET.dll
0x0000000077240000 - 0x0000000077243000 	C:\Windows\system32\Normaliz.dll
0x0000000076e70000 - 0x000000007707f000 	C:\Windows\system32\iertutil.dll
0x00000000769a0000 - 0x0000000076aed000 	C:\Windows\system32\urlmon.dll
0x000007fefd410000 - 0x000007fefd41f000 	C:\Windows\system32\CRYPTBASE.dll
0x0000000010000000 - 0x0000000010012000 	C:\Program Files (x86)\Youdao\Dict4\5.0.33.3225\WordStrokeHelper64.dll
0x000007fef0b90000 - 0x000007fef0d8f000 	C:\Windows\system32\d3d9.dll
0x000007fefc390000 - 0x000007fefc397000 	C:\Windows\system32\d3d8thk.dll
0x0000000067460000 - 0x0000000067848000 	C:\Windows\system32\atiumd64.dll
0x00000000671c0000 - 0x0000000067459000 	C:\Windows\system32\atiumd6a.dll
0x0000000074140000 - 0x0000000074174000 	C:\Java\jdk1.7.0\jre\bin\fontmanager.dll
0x000007fefdb20000 - 0x000007fefdbb9000 	C:\Windows\system32\CLBCatQ.DLL
0x000007fefb0d0000 - 0x000007fefb1fa000 	C:\Windows\system32\WindowsCodecs.dll
0x000007fef6850000 - 0x000007fef68de000 	C:\Users\yu\AppData\Roaming\Kingsoft\klive\bin\kliveshellext64.dll
0x000007fef6810000 - 0x000007fef6845000 	C:\Windows\system32\EhStorShell.dll
0x000007fefedc0000 - 0x000007fefef97000 	C:\Windows\system32\SETUPAPI.dll
0x000007fefd7b0000 - 0x000007fefd7e6000 	C:\Windows\system32\CFGMGR32.dll
0x000007fefd890000 - 0x000007fefd8aa000 	C:\Windows\system32\DEVOBJ.dll
0x000007fefc1c0000 - 0x000007fefc2ec000 	C:\Windows\system32\PROPSYS.dll
0x000007fef6190000 - 0x000007fef6802000 	C:\PROGRA~1\MICROS~2\Office14\GROOVEEX.DLL
0x0000000072020000 - 0x00000000720bd000 	C:\Windows\WinSxS\amd64_microsoft.vc90.crt_1fc8b3b9a1e18e3b_9.0.30729.4940_none_08e4299fa83d7e3c\MSVCR90.dll
0x0000000071e50000 - 0x0000000071f23000 	C:\Windows\WinSxS\amd64_microsoft.vc90.crt_1fc8b3b9a1e18e3b_9.0.30729.4940_none_08e4299fa83d7e3c\MSVCP90.dll
0x0000000072110000 - 0x000000007213f000 	C:\Windows\WinSxS\amd64_microsoft.vc90.atl_1fc8b3b9a1e18e3b_9.0.30729.4148_none_0a1d2fcba76b3f00\ATL90.DLL
0x000007fef5d70000 - 0x000007fef618a000 	C:\PROGRA~1\COMMON~1\MICROS~1\OFFICE14\Cultures\office.odf
0x000007fef5560000 - 0x000007fef5d70000 	C:\PROGRA~1\MICROS~2\Office14\2052\GrooveIntlResource.dll
0x000007fef54e0000 - 0x000007fef555e000 	C:\Windows\System32\cscui.dll
0x000007fef54d0000 - 0x000007fef54dc000 	C:\Windows\System32\CSCDLL.dll
0x000007fef9ce0000 - 0x000007fef9cef000 	C:\Windows\system32\CSCAPI.dll
0x000007fef5450000 - 0x000007fef54d0000 	C:\Windows\system32\ntshrui.dll
0x000007fefd2b0000 - 0x000007fefd2d3000 	C:\Windows\system32\srvcli.dll
0x000007fefb840000 - 0x000007fefb84b000 	C:\Windows\system32\slc.dll
0x0000000073070000 - 0x0000000073089000 	C:\Java\jdk1.7.0\jre\bin\net.dll
0x000007fefcd40000 - 0x000007fefcd47000 	C:\Windows\System32\wship6.dll
0x0000000073050000 - 0x0000000073061000 	C:\Java\jdk1.7.0\jre\bin\nio.dll
0x0000000073fd0000 - 0x0000000074011000 	C:\Java\jdk1.7.0\jre\bin\t2k.dll
0x000007fefc340000 - 0x000007fefc36d000 	C:\Windows\system32\ntmarta.dll
0x000007fefdab0000 - 0x000007fefdb02000 	C:\Windows\system32\WLDAP32.dll
0x000007fefd380000 - 0x000007fefd3a5000 	C:\Windows\system32\SspiCli.dll
0x000007fef7c20000 - 0x000007fef7df4000 	C:\Windows\System32\msxml3.dll

VM Arguments:
jvm_args: -agentlib:jdwp=transport=dt_socket,suspend=y,address=localhost:22992 -Dfile.encoding=UTF-8 
java_command: control.Sytem
Launcher Type: SUN_STANDARD

Environment Variables:
JAVA_HOME=C:\Java\jdk1.7.0
CLASSPATH=C:\Users\yu\Desktop\ParkingManagementSystem\src;.;C:\Java\jdk1.7.0/lib/dt.jar;C:\Java\jdk1.7.0/lib/tools.jar 
PATH=C:\Java\jdk1.7.0\jre\bin;C:/Java/jdk1.7.0/bin/../jre/bin/server;C:/Java/jdk1.7.0/bin/../jre/bin;C:/Java/jdk1.7.0/bin/../jre/lib/amd64;C:\Java\jdk1.7.0\bin;C:\Java\jdk1.7.0/jre/bin;C:\Windows\system32;C:\Windows;C:\Windows\System32\Wbem;C:\Windows\System32\WindowsPowerShell\v1.0\;C:\Program Files (x86)\Microsoft SQL Server\100\Tools\Binn\;C:\Program Files\Microsoft SQL Server\100\Tools\Binn\;C:\Program Files\Microsoft SQL Server\100\DTS\Binn\;C:\eclipse;
USERNAME=yu
OS=Windows_NT
PROCESSOR_IDENTIFIER=Intel64 Family 6 Model 23 Stepping 10, GenuineIntel



---------------  S Y S T E M  ---------------

OS: Windows 7 , 64 bit Build 7601 Service Pack 1

CPU:total 2 (2 cores per cpu, 1 threads per core) family 6 model 23 stepping 10, cmov, cx8, fxsr, mmx, sse, sse2, sse3, ssse3, sse4.1

Memory: 4k page, physical 2091980k(119940k free), swap 4183960k(559676k free)

vm_info: Java HotSpot(TM) 64-Bit Server VM (21.0-b17) for windows-amd64 JRE (1.7.0-b147), built on Jun 27 2011 02:19:45 by "java_re" with unknown MS VC++:1600

time: Sun Apr 22 21:35:22 2012
elapsed time: 192 seconds

